[2020-08-18T00:44:30.728] [DEBUG] cheese - login => username:admin,password:123456
[2020-08-18T00:44:30.730] [DEBUG] cheese - admin
[2020-08-18T00:44:30.853] [DEBUG] cheese - null
[2020-08-18T00:44:30.853] [DEBUG] cheese - null
[2020-08-18T13:25:20.453] [DEBUG] cheese - login => username:admin,password:123456
[2020-08-18T13:25:20.454] [DEBUG] cheese - admin
[2020-08-18T13:25:20.522] [DEBUG] cheese - null
[2020-08-18T13:25:20.522] [DEBUG] cheese - null
[2020-08-18T13:40:24.606] [DEBUG] cheese - login => username:fasdf,password:dsaf
[2020-08-18T13:40:24.607] [DEBUG] cheese - fasdf
[2020-08-18T13:40:24.609] [DEBUG] cheese - null
[2020-08-18T13:40:24.610] [DEBUG] cheese - null
[2020-08-18T13:40:32.729] [DEBUG] cheese - login => username:admin,password:123456
[2020-08-18T13:40:32.729] [DEBUG] cheese - admin
[2020-08-18T13:40:32.732] [DEBUG] cheese - null
[2020-08-18T13:40:32.732] [DEBUG] cheese - null
[2020-08-18T13:55:28.742] [DEBUG] cheese - login => username:admin,password:123456
[2020-08-18T13:55:28.742] [DEBUG] cheese - admin
[2020-08-18T13:55:28.748] [DEBUG] cheese - null
[2020-08-18T13:55:28.748] [DEBUG] cheese - null
[2020-08-18T14:05:28.672] [DEBUG] cheese - login => username:admin,password:123456
[2020-08-18T14:05:28.672] [DEBUG] cheese - admin
[2020-08-18T14:05:28.675] [DEBUG] cheese - null
[2020-08-18T14:05:28.675] [DEBUG] cheese - null
[2020-08-18T14:43:39.165] [DEBUG] cheese - login => username:admin,password:123456
[2020-08-18T14:43:39.166] [DEBUG] cheese - admin
[2020-08-18T14:43:39.184] [DEBUG] cheese - null
[2020-08-18T14:43:39.184] [DEBUG] cheese - null
[2020-08-18T15:13:03.081] [DEBUG] cheese - login => username:admin,password:123456
[2020-08-18T15:13:03.081] [DEBUG] cheese - admin
[2020-08-18T15:13:03.084] [DEBUG] cheese - null
[2020-08-18T15:13:03.084] [DEBUG] cheese - null
[2020-08-18T15:53:21.411] [DEBUG] cheese - login => username:admin,password:123456
[2020-08-18T15:53:21.412] [DEBUG] cheese - admin
[2020-08-18T15:53:21.428] [DEBUG] cheese - null
[2020-08-18T15:53:21.428] [DEBUG] cheese - null
[2020-08-18T15:58:16.365] [DEBUG] cheese - login => username:admin,password:123456
[2020-08-18T15:58:16.365] [DEBUG] cheese - admin
[2020-08-18T15:58:16.368] [DEBUG] cheese - null
[2020-08-18T15:58:16.368] [DEBUG] cheese - null
[2020-08-18T15:58:24.259] [DEBUG] cheese - login => username:admin,password:123456
[2020-08-18T15:58:24.260] [DEBUG] cheese - admin
[2020-08-18T15:58:24.264] [DEBUG] cheese - null
[2020-08-18T15:58:24.264] [DEBUG] cheese - null
[2020-08-18T16:31:27.046] [DEBUG] cheese - login => username:admin,password:123456
[2020-08-18T16:31:27.046] [DEBUG] cheese - admin
[2020-08-18T16:31:27.056] [DEBUG] cheese - null
[2020-08-18T16:31:27.056] [DEBUG] cheese - null
[2020-08-18T16:57:07.230] [DEBUG] cheese - login => username:admin,password:123456
[2020-08-18T16:57:07.230] [DEBUG] cheese - admin
[2020-08-18T16:57:07.235] [DEBUG] cheese - null
[2020-08-18T16:57:07.236] [DEBUG] cheese - null
[2020-08-18T21:47:28.498] [DEBUG] cheese - login => username:admin,password:123456
[2020-08-18T21:47:28.499] [DEBUG] cheese - admin
[2020-08-18T21:47:28.533] [DEBUG] cheese - null
[2020-08-18T21:47:28.533] [DEBUG] cheese - null
[2020-08-18T21:50:42.661] [DEBUG] cheese - login => username:admin,password:123456
[2020-08-18T21:50:42.661] [DEBUG] cheese - admin
[2020-08-18T21:50:42.666] [DEBUG] cheese - null
[2020-08-18T21:50:42.666] [DEBUG] cheese - null
